<?xml version="1.0" encoding="UTF-8"?>
<!-- Generated by org.testng.reporters.JUnitReportReporter -->
<testsuite hostname="User" failures="0" tests="1" name="test.validatename" time="4.157" errors="0" timestamp="2023-07-03T17:45:45 IST" skipped="0">
  <testcase classname="test.validatename" name="f" time="4.157">
    <system-out>
      <![CDATA[fexecution is start
f is pass successful]]>
    </system-out>
  </testcase> <!-- f -->
  <system-out>
    <![CDATA[launching browser
reading data from excel sheet
entring emailid
waiting for 500mili sec
reading data from excel sheet
entring password
waiting for 500mili sec
signing
waiting for 500mili sec
fexecution is start
f is pass successful]]>
  </system-out>
</testsuite> <!-- test.validatename -->
